2025-01-09 16:36:56,493 - WARNING - No standings data for League ID: 40
2025-01-09 16:36:56,499 - INFO - Fetched: Austria (League ID: 34, First Player Entry: 3743611)
2025-01-09 16:36:56,506 - INFO - Fetched: Bahrain (League ID: 37, First Player Entry: 1762170)
2025-01-09 16:36:56,508 - INFO - Fetched: Bouvet Island (League ID: 49, First Player Entry: 77337)
2025-01-09 16:36:56,508 - INFO - Fetched: Bhutan (League ID: 45, First Player Entry: 2612863)
2025-01-09 16:36:56,515 - INFO - Fetched: Guinea (League ID: 109, First Player Entry: 60934)
2025-01-09 16:36:56,523 - INFO - Fetched: Barbados (League ID: 39, First Player Entry: 6005818)
2025-01-09 16:36:56,527 - INFO - Fetched: Bulgaria (League ID: 54, First Player Entry: 175301)
2025-01-09 16:36:56,532 - INFO - Fetched: British Virgin Islands (League ID: 52, First Player Entry: 7608317)
2025-01-09 16:36:56,532 - INFO - Fetched: Australia (League ID: 33, First Player Entry: 2228715)
2025-01-09 16:36:56,536 - INFO - Fetched: Botswana (League ID: 48, First Player Entry: 859293)
2025-01-09 16:36:56,538 - INFO - Fetched: Kenya (League ID: 131, First Player Entry: 214203)
2025-01-09 16:36:56,541 - INFO - Fetched: Cambodia (League ID: 57, First Player Entry: 2835531)
2025-01-09 16:36:56,541 - INFO - Fetched: Brunei Darussalam (League ID: 53, First Player Entry: 2223099)
2025-01-09 16:36:56,548 - INFO - Fetched: Bosnia-Herzegovina (League ID: 47, First Player Entry: 121426)
2025-01-09 16:36:56,567 - INFO - Fetched: Aruba (League ID: 32, First Player Entry: 1161973)
2025-01-09 16:36:56,582 - INFO - Fetched: Anguilla (League ID: 27, First Player Entry: 1908418)
2025-01-09 16:36:56,588 - INFO - Fetched: Azerbaijan (League ID: 35, First Player Entry: 2241580)
2025-01-09 16:36:56,595 - INFO - Fetched: Congo (League ID: 71, First Player Entry: 2646047)
2025-01-09 16:36:56,595 - INFO - Fetched: Antigua and Barbuda (League ID: 29, First Player Entry: 7306251)
2025-01-09 16:36:56,609 - INFO - Fetched: Cook Islands (League ID: 72, First Player Entry: 4929533)
2025-01-09 16:36:56,610 - INFO - Fetched: Bermuda (League ID: 44, First Player Entry: 259517)
2025-01-09 16:36:56,610 - ERROR - Error fetching League ID 88: 429 Client Error: Unknown Error for url: https://fantasy.premierleague.com/api/leagues-classic/88/standings/
2025-01-09 16:36:56,610 - INFO - Fetched: China (League ID: 65, First Player Entry: 7491078)
2025-01-09 16:36:56,610 - INFO - Fetched: Belgium (League ID: 41, First Player Entry: 4278850)
2025-01-09 16:36:56,620 - INFO - Fetched: El Salvador (League ID: 84, First Player Entry: 5551100)
2025-01-09 16:36:56,620 - INFO - Fetched: Angola (League ID: 26, First Player Entry: 5031020)
2025-01-09 16:36:56,620 - INFO - Fetched: Argentina (League ID: 30, First Player Entry: 171921)
2025-01-09 16:36:56,633 - ERROR - Error fetching League ID 121: 429 Client Error: Unknown Error for url: https://fantasy.premierleague.com/api/leagues-classic/121/standings/
2025-01-09 16:36:56,636 - INFO - Fetched: Chile (League ID: 64, First Player Entry: 1370274)
2025-01-09 16:36:56,638 - ERROR - Error fetching League ID 125: 429 Client Error: Unknown Error for url: https://fantasy.premierleague.com/api/leagues-classic/125/standings/
2025-01-09 16:36:56,641 - INFO - Fetched: Colombia (League ID: 68, First Player Entry: 1530741)
2025-01-09 16:36:56,643 - INFO - Fetched: Cameroon (League ID: 58, First Player Entry: 955107)
2025-01-09 16:36:56,649 - INFO - Fetched: Central African Republic (League ID: 62, First Player Entry: 2332424)
2025-01-09 16:36:56,651 - INFO - Fetched: Denmark (League ID: 78, First Player Entry: 1627092)
2025-01-09 16:36:56,651 - INFO - Fetched: North Korea (League ID: 133, First Player Entry: 1580702)
2025-01-09 16:36:56,660 - ERROR - Error fetching League ID 91: 429 Client Error: Unknown Error for url: https://fantasy.premierleague.com/api/leagues-classic/91/standings/
2025-01-09 16:36:56,665 - INFO - Fetched: Dominica (League ID: 80, First Player Entry: 5936059)
2025-01-09 16:36:56,672 - ERROR - Error fetching League ID 96: 429 Client Error: Unknown Error for url: https://fantasy.premierleague.com/api/leagues-classic/96/standings/
2025-01-09 16:36:56,672 - INFO - Fetched: Canada (League ID: 59, First Player Entry: 4101974)
2025-01-09 16:36:56,678 - INFO - Fetched: Estonia (League ID: 87, First Player Entry: 96793)
2025-01-09 16:36:56,682 - ERROR - Error fetching League ID 128: 429 Client Error: Unknown Error for url: https://fantasy.premierleague.com/api/leagues-classic/128/standings/
2025-01-09 16:36:56,684 - INFO - Fetched: Bahamas (League ID: 36, First Player Entry: 6815734)
2025-01-09 16:36:56,691 - ERROR - Error fetching League ID 117: 429 Client Error: Unknown Error for url: https://fantasy.premierleague.com/api/leagues-classic/117/standings/
2025-01-09 16:36:56,697 - INFO - Fetched: Congo, Democratic Republic of (League ID: 70, First Player Entry: 672476)
2025-01-09 16:36:56,700 - INFO - Fetched: Bangladesh (League ID: 38, First Player Entry: 4376057)
2025-01-09 16:36:56,708 - INFO - Fetched: Cayman Islands (League ID: 61, First Player Entry: 8303580)
2025-01-09 16:36:56,708 - ERROR - Error fetching League ID 134: 429 Client Error: Unknown Error for url: https://fantasy.premierleague.com/api/leagues-classic/134/standings/
2025-01-09 16:36:56,708 - INFO - Fetched: Algeria (League ID: 23, First Player Entry: 120240)
2025-01-09 16:36:56,713 - ERROR - Error fetching League ID 111: 429 Client Error: Unknown Error for url: https://fantasy.premierleague.com/api/leagues-classic/111/standings/
2025-01-09 16:36:56,713 - INFO - Fetched: Armenia (League ID: 31, First Player Entry: 8041652)
2025-01-09 16:36:56,715 - ERROR - Error fetching League ID 127: 429 Client Error: Unknown Error for url: https://fantasy.premierleague.com/api/leagues-classic/127/standings/
2025-01-09 16:36:56,718 - INFO - Fetched: Ghana (League ID: 101, First Player Entry: 2731140)
2025-01-09 16:36:56,719 - ERROR - Error fetching League ID 130: 429 Client Error: Unknown Error for url: https://fantasy.premierleague.com/api/leagues-classic/130/standings/
2025-01-09 16:36:56,719 - ERROR - Error fetching League ID 138: 429 Client Error: Unknown Error for url: https://fantasy.premierleague.com/api/leagues-classic/138/standings/
2025-01-09 16:36:56,727 - INFO - Fetched: Cocos Islands (League ID: 67, First Player Entry: 408419)
2025-01-09 16:36:56,729 - INFO - Fetched: Ireland (League ID: 124, First Player Entry: 580349)
2025-01-09 16:36:56,729 - INFO - Fetched: Dominican Republic (League ID: 81, First Player Entry: 6821798)
2025-01-09 16:36:56,732 - INFO - Fetched: Iran (League ID: 122, First Player Entry: 4685025)
2025-01-09 16:36:56,736 - ERROR - Error fetching League ID 135: 429 Client Error: Unknown Error for url: https://fantasy.premierleague.com/api/leagues-classic/135/standings/
2025-01-09 16:36:56,736 - INFO - Fetched: Christmas Island (League ID: 66, First Player Entry: 773487)
2025-01-09 16:36:56,739 - INFO - Fetched: Ivory Coast (League ID: 74, First Player Entry: 7763180)
2025-01-09 16:36:56,739 - INFO - Fetched: Faeroe Islands (League ID: 89, First Player Entry: 4826607)
2025-01-09 16:36:56,739 - ERROR - Error fetching League ID 143: 429 Client Error: Unknown Error for url: https://fantasy.premierleague.com/api/leagues-classic/143/standings/
2025-01-09 16:36:56,739 - ERROR - Error fetching League ID 126: 429 Client Error: Unknown Error for url: https://fantasy.premierleague.com/api/leagues-classic/126/standings/
2025-01-09 16:36:56,743 - INFO - Fetched: Cyprus (League ID: 76, First Player Entry: 7782978)
2025-01-09 16:36:56,743 - ERROR - Error fetching League ID 94: 429 Client Error: Unknown Error for url: https://fantasy.premierleague.com/api/leagues-classic/94/standings/
2025-01-09 16:36:56,743 - INFO - Fetched: Grenada (League ID: 105, First Player Entry: 1907721)
2025-01-09 16:36:56,743 - ERROR - Error fetching League ID 141: 429 Client Error: Unknown Error for url: https://fantasy.premierleague.com/api/leagues-classic/141/standings/
2025-01-09 16:36:56,747 - INFO - Fetched: Czech Republic (League ID: 77, First Player Entry: 7447838)
2025-01-09 16:36:56,747 - INFO - Fetched: India (League ID: 120, First Player Entry: 5407172)
2025-01-09 16:36:56,751 - INFO - Fetched: Jordan (League ID: 129, First Player Entry: 775814)
2025-01-09 16:36:56,751 - INFO - Fetched: Gibraltar (League ID: 102, First Player Entry: 6388994)
2025-01-09 16:36:56,753 - ERROR - Error fetching League ID 123: 429 Client Error: Unknown Error for url: https://fantasy.premierleague.com/api/leagues-classic/123/standings/
2025-01-09 16:36:56,755 - INFO - Fetched: Costa Rica (League ID: 73, First Player Entry: 2011995)
2025-01-09 16:36:56,757 - INFO - Fetched: Brazil (League ID: 50, First Player Entry: 5686015)
2025-01-09 16:36:56,759 - INFO - Fetched: Iceland (League ID: 119, First Player Entry: 3555709)
2025-01-09 16:36:56,763 - INFO - Fetched: Gabon (League ID: 97, First Player Entry: 4526173)
2025-01-09 16:36:56,765 - INFO - Fetched: Benin (League ID: 43, First Player Entry: 3643956)
2025-01-09 16:36:56,769 - ERROR - Error fetching League ID 104: 429 Client Error: Unknown Error for url: https://fantasy.premierleague.com/api/leagues-classic/104/standings/
2025-01-09 16:36:56,775 - ERROR - Error fetching League ID 113: 429 Client Error: Unknown Error for url: https://fantasy.premierleague.com/api/leagues-classic/113/standings/
2025-01-09 16:36:56,777 - ERROR - Error fetching League ID 108: 429 Client Error: Unknown Error for url: https://fantasy.premierleague.com/api/leagues-classic/108/standings/
2025-01-09 16:36:56,779 - INFO - Fetched: Guam (League ID: 107, First Player Entry: 8143265)
2025-01-09 16:36:56,783 - INFO - Fetched: Hungary (League ID: 118, First Player Entry: 452219)
2025-01-09 16:36:56,785 - INFO - Fetched: Kiribati (League ID: 132, First Player Entry: 2035694)
2025-01-09 16:36:56,785 - INFO - Fetched: Antarctica (League ID: 28, First Player Entry: 623080)
2025-01-09 16:36:56,788 - INFO - Fetched: Bolivia (League ID: 46, First Player Entry: 1159638)
2025-01-09 16:36:56,793 - INFO - Fetched: Ecuador (League ID: 82, First Player Entry: 2600760)
2025-01-09 16:36:56,795 - INFO - Fetched: Albania (League ID: 22, First Player Entry: 7908977)
2025-01-09 16:36:56,798 - ERROR - Error fetching League ID 148: 429 Client Error: Unknown Error for url: https://fantasy.premierleague.com/api/leagues-classic/148/standings/
2025-01-09 16:36:56,798 - INFO - Fetched: Burkina Faso (League ID: 55, First Player Entry: 3592392)
2025-01-09 16:36:56,799 - INFO - Fetched: American Samoa (League ID: 24, First Player Entry: 1311397)
2025-01-09 16:36:56,801 - INFO - Fetched: Honduras (League ID: 115, First Player Entry: 2077973)
2025-01-09 16:36:56,804 - INFO - Fetched: Burundi (League ID: 56, First Player Entry: 492258)
2025-01-09 16:36:56,813 - INFO - Fetched: Finland (League ID: 92, First Player Entry: 6789994)
2025-01-09 16:36:56,816 - ERROR - Error fetching League ID 159: 429 Client Error: Unknown Error for url: https://fantasy.premierleague.com/api/leagues-classic/159/standings/
2025-01-09 16:36:56,818 - INFO - Fetched: Andorra (League ID: 25, First Player Entry: 1912083)
2025-01-09 16:36:56,820 - INFO - Fetched: Equatorial Guinea (League ID: 85, First Player Entry: 3024390)
2025-01-09 16:36:56,822 - INFO - Fetched: Comoros (League ID: 69, First Player Entry: 4181902)
2025-01-09 16:36:56,826 - INFO - Fetched: Hong Kong (League ID: 116, First Player Entry: 2976806)
2025-01-09 16:36:56,830 - INFO - Fetched: Egypt (League ID: 83, First Player Entry: 1941895)
2025-01-09 16:36:56,831 - ERROR - Error fetching League ID 139: 429 Client Error: Unknown Error for url: https://fantasy.premierleague.com/api/leagues-classic/139/standings/
2025-01-09 16:36:56,837 - INFO - Fetched: Greece (League ID: 103, First Player Entry: 6092839)
2025-01-09 16:36:56,841 - ERROR - Error fetching League ID 168: 429 Client Error: Unknown Error for url: https://fantasy.premierleague.com/api/leagues-classic/168/standings/
2025-01-09 16:36:56,844 - ERROR - Error fetching League ID 155: 429 Client Error: Unknown Error for url: https://fantasy.premierleague.com/api/leagues-classic/155/standings/
2025-01-09 16:36:56,844 - INFO - Fetched: Georgia (League ID: 99, First Player Entry: 823969)
2025-01-09 16:36:56,844 - INFO - Fetched: Chad (League ID: 63, First Player Entry: 342916)
2025-01-09 16:36:56,847 - INFO - Fetched: Cuba (League ID: 75, First Player Entry: 3076532)
2025-01-09 16:36:56,853 - INFO - Fetched: Germany (League ID: 100, First Player Entry: 7936477)
2025-01-09 16:36:56,855 - INFO - Fetched: Gambia (League ID: 98, First Player Entry: 499037)
2025-01-09 16:36:56,860 - ERROR - Error fetching League ID 158: 429 Client Error: Unknown Error for url: https://fantasy.premierleague.com/api/leagues-classic/158/standings/
2025-01-09 16:36:56,860 - ERROR - Error fetching League ID 147: 429 Client Error: Unknown Error for url: https://fantasy.premierleague.com/api/leagues-classic/147/standings/
2025-01-09 16:36:56,863 - INFO - Fetched: Cape Verde (League ID: 60, First Player Entry: 4287849)
2025-01-09 16:36:56,865 - ERROR - Error fetching League ID 173: 429 Client Error: Unknown Error for url: https://fantasy.premierleague.com/api/leagues-classic/173/standings/
2025-01-09 16:36:56,869 - INFO - Fetched: Djibouti (League ID: 79, First Player Entry: 593532)
2025-01-09 16:36:56,870 - INFO - Fetched: Mauritius (League ID: 157, First Player Entry: 4239351)
2025-01-09 16:36:56,870 - INFO - Fetched: Malaysia (League ID: 150, First Player Entry: 2981260)
2025-01-09 16:36:56,873 - ERROR - Error fetching League ID 153: 429 Client Error: Unknown Error for url: https://fantasy.premierleague.com/api/leagues-classic/153/standings/
2025-01-09 16:36:56,874 - ERROR - Error fetching League ID 156: 429 Client Error: Unknown Error for url: https://fantasy.premierleague.com/api/leagues-classic/156/standings/
2025-01-09 16:36:56,876 - INFO - Fetched: Eritrea (League ID: 86, First Player Entry: 8603568)
2025-01-09 16:36:56,876 - ERROR - Error fetching League ID 162: 429 Client Error: Unknown Error for url: https://fantasy.premierleague.com/api/leagues-classic/162/standings/
2025-01-09 16:36:56,879 - INFO - Fetched: Malawi (League ID: 149, First Player Entry: 8411552)
2025-01-09 16:36:56,879 - INFO - Fetched: Guinea-Bissau (League ID: 110, First Player Entry: 301702)
2025-01-09 16:36:56,879 - ERROR - Error fetching League ID 146: 429 Client Error: Unknown Error for url: https://fantasy.premierleague.com/api/leagues-classic/146/standings/
2025-01-09 16:36:56,885 - ERROR - Error fetching League ID 163: 429 Client Error: Unknown Error for url: https://fantasy.premierleague.com/api/leagues-classic/163/standings/
2025-01-09 16:36:56,887 - INFO - Fetched: Afghanistan (League ID: 21, First Player Entry: 951945)
2025-01-09 16:36:56,890 - INFO - Fetched: Guadaloupe (League ID: 106, First Player Entry: 1705712)
2025-01-09 16:36:56,892 - ERROR - Error fetching League ID 172: 429 Client Error: Unknown Error for url: https://fantasy.premierleague.com/api/leagues-classic/172/standings/
2025-01-09 16:36:56,896 - INFO - Fetched: Lesotho (League ID: 140, First Player Entry: 1664813)
2025-01-09 16:36:56,897 - INFO - Fetched: Luxembourg (League ID: 145, First Player Entry: 1967302)
2025-01-09 16:36:56,898 - INFO - Fetched: French Polynesia (League ID: 95, First Player Entry: 267661)
2025-01-09 16:36:56,902 - INFO - Fetched: France (League ID: 93, First Player Entry: 5141128)
2025-01-09 16:36:56,903 - INFO - Fetched: Belize (League ID: 42, First Player Entry: 6223195)
2025-01-09 16:36:56,909 - ERROR - Error fetching League ID 164: 429 Client Error: Unknown Error for url: https://fantasy.premierleague.com/api/leagues-classic/164/standings/
2025-01-09 16:36:56,909 - INFO - Fetched: Libya (League ID: 142, First Player Entry: 4173381)
2025-01-09 16:36:56,911 - INFO - Fetched: Morocco (League ID: 165, First Player Entry: 8575510)
2025-01-09 16:36:56,913 - INFO - Fetched: Falkland Islands (League ID: 90, First Player Entry: 3374885)
2025-01-09 16:36:56,915 - INFO - Fetched: Lithuania (League ID: 144, First Player Entry: 3049052)
2025-01-09 16:36:56,917 - ERROR - Error fetching League ID 181: 429 Client Error: Unknown Error for url: https://fantasy.premierleague.com/api/leagues-classic/181/standings/
2025-01-09 16:36:56,921 - INFO - Fetched: Laos (League ID: 137, First Player Entry: 1227055)
2025-01-09 16:36:56,925 - INFO - Fetched: Mali (League ID: 152, First Player Entry: 7072235)
2025-01-09 16:36:56,931 - ERROR - Error fetching League ID 194: 429 Client Error: Unknown Error for url: https://fantasy.premierleague.com/api/leagues-classic/194/standings/
2025-01-09 16:36:56,931 - ERROR - Error fetching League ID 154: 429 Client Error: Unknown Error for url: https://fantasy.premierleague.com/api/leagues-classic/154/standings/
2025-01-09 16:36:56,933 - INFO - Fetched: Niue (League ID: 178, First Player Entry: 1393799)
2025-01-09 16:36:56,933 - INFO - Fetched: Holy See (League ID: 114, First Player Entry: 4118611)
2025-01-09 16:36:56,938 - INFO - Fetched: Mozambique (League ID: 166, First Player Entry: 6041578)
2025-01-09 16:36:56,941 - INFO - Fetched: Haiti (League ID: 112, First Player Entry: 1230373)
2025-01-09 16:36:56,943 - ERROR - Error fetching League ID 193: 429 Client Error: Unknown Error for url: https://fantasy.premierleague.com/api/leagues-classic/193/standings/
2025-01-09 16:36:56,945 - INFO - Fetched: New Zealand (League ID: 174, First Player Entry: 1164592)
2025-01-09 16:36:56,945 - INFO - Fetched: British Indian Ocean Territory (League ID: 51, First Player Entry: 44743)
2025-01-09 16:36:56,947 - INFO - Fetched: Kyrgyzstan (League ID: 136, First Player Entry: 2815701)
2025-01-09 16:36:56,949 - INFO - Fetched: Nauru (League ID: 169, First Player Entry: 8129188)
2025-01-09 16:36:56,951 - INFO - Fetched: Nigeria (League ID: 177, First Player Entry: 322707)
2025-01-09 16:36:56,959 - INFO - Fetched: Micronesia (League ID: 160, First Player Entry: 20369)
2025-01-09 16:36:56,961 - ERROR - Error fetching League ID 167: 429 Client Error: Unknown Error for url: https://fantasy.premierleague.com/api/leagues-classic/167/standings/
2025-01-09 16:36:56,964 - INFO - Fetched: Moldova (League ID: 161, First Player Entry: 5063898)
2025-01-09 16:36:56,972 - ERROR - Error fetching League ID 185: 429 Client Error: Unknown Error for url: https://fantasy.premierleague.com/api/leagues-classic/185/standings/
2025-01-09 16:36:56,978 - ERROR - Error fetching League ID 184: 429 Client Error: Unknown Error for url: https://fantasy.premierleague.com/api/leagues-classic/184/standings/
2025-01-09 16:36:56,980 - INFO - Fetched: Nicaragua (League ID: 175, First Player Entry: 5683492)
2025-01-09 16:36:56,987 - INFO - Fetched: Nepal (League ID: 170, First Player Entry: 3541677)
2025-01-09 16:36:56,987 - ERROR - Error fetching League ID 151: 429 Client Error: Unknown Error for url: https://fantasy.premierleague.com/api/leagues-classic/151/standings/
2025-01-09 16:36:56,994 - ERROR - Error fetching League ID 197: 429 Client Error: Unknown Error for url: https://fantasy.premierleague.com/api/leagues-classic/197/standings/
2025-01-09 16:36:56,996 - WARNING - No standings data for League ID: 198
2025-01-09 16:36:57,003 - INFO - Fetched: Niger (League ID: 176, First Player Entry: 241764)
2025-01-09 16:36:57,006 - ERROR - Error fetching League ID 210: 429 Client Error: Unknown Error for url: https://fantasy.premierleague.com/api/leagues-classic/210/standings/
2025-01-09 16:36:57,009 - INFO - Fetched: Pitcairn Island (League ID: 191, First Player Entry: 670985)
2025-01-09 16:36:57,012 - INFO - Fetched: St. Lucia (League ID: 202, First Player Entry: 5064538)
2025-01-09 16:36:57,012 - INFO - Fetched: Poland (League ID: 192, First Player Entry: 122498)
2025-01-09 16:36:57,017 - INFO - Fetched: St. Pierre and Miquelon (League ID: 203, First Player Entry: 7668819)
2025-01-09 16:36:57,023 - ERROR - Error fetching League ID 180: 429 Client Error: Unknown Error for url: https://fantasy.premierleague.com/api/leagues-classic/180/standings/
2025-01-09 16:36:57,025 - ERROR - Error fetching League ID 182: 429 Client Error: Unknown Error for url: https://fantasy.premierleague.com/api/leagues-classic/182/standings/
2025-01-09 16:36:57,030 - INFO - Fetched: Paraguay (League ID: 188, First Player Entry: 408523)
2025-01-09 16:36:57,030 - ERROR - Error fetching League ID 200: 429 Client Error: Unknown Error for url: https://fantasy.premierleague.com/api/leagues-classic/200/standings/
2025-01-09 16:36:57,046 - INFO - Fetched: Reunion (League ID: 196, First Player Entry: 8014888)
2025-01-09 16:36:57,046 - ERROR - Error fetching League ID 215: 429 Client Error: Unknown Error for url: https://fantasy.premierleague.com/api/leagues-classic/215/standings/
2025-01-09 16:36:57,048 - INFO - Fetched: St. Vincent and the Grenadines (League ID: 204, First Player Entry: 2301033)
2025-01-09 16:36:57,054 - INFO - Fetched: Philippines (League ID: 190, First Player Entry: 1228675)
2025-01-09 16:36:57,059 - INFO - Fetched: Pakistan (League ID: 183, First Player Entry: 120600)
2025-01-09 16:36:57,064 - INFO - Fetched: Papua New Guinea (League ID: 187, First Player Entry: 823776)
2025-01-09 16:36:57,072 - INFO - Fetched: Qatar (League ID: 195, First Player Entry: 8432106)
2025-01-09 16:36:57,074 - WARNING - No standings data for League ID: 171
2025-01-09 16:36:57,097 - INFO - Fetched: Wallis and Futuna Islands (League ID: 255, First Player Entry: 7304425)
2025-01-09 16:36:57,112 - ERROR - Error fetching League ID 218: 429 Client Error: Unknown Error for url: https://fantasy.premierleague.com/api/leagues-classic/218/standings/
2025-01-09 16:36:57,118 - ERROR - Error fetching League ID 220: 429 Client Error: Unknown Error for url: https://fantasy.premierleague.com/api/leagues-classic/220/standings/
2025-01-09 16:36:57,139 - ERROR - Error fetching League ID 209: 429 Client Error: Unknown Error for url: https://fantasy.premierleague.com/api/leagues-classic/209/standings/
2025-01-09 16:36:57,139 - ERROR - Error fetching League ID 219: 429 Client Error: Unknown Error for url: https://fantasy.premierleague.com/api/leagues-classic/219/standings/
2025-01-09 16:36:57,152 - INFO - Fetched: Singapore (League ID: 213, First Player Entry: 7438)
2025-01-09 16:36:57,156 - ERROR - Error fetching League ID 222: 429 Client Error: Unknown Error for url: https://fantasy.premierleague.com/api/leagues-classic/222/standings/
2025-01-09 16:36:57,150 - ERROR - Error fetching League ID 224: 429 Client Error: Unknown Error for url: https://fantasy.premierleague.com/api/leagues-classic/224/standings/
2025-01-09 16:36:57,160 - ERROR - Error fetching League ID 221: 429 Client Error: Unknown Error for url: https://fantasy.premierleague.com/api/leagues-classic/221/standings/
2025-01-09 16:36:57,177 - INFO - Fetched: Peru (League ID: 189, First Player Entry: 8415629)
2025-01-09 16:36:57,179 - INFO - Fetched: Suriname (League ID: 223, First Player Entry: 7732)
2025-01-09 16:36:57,186 - INFO - Fetched: Samoa (League ID: 205, First Player Entry: 7560769)
2025-01-09 16:36:57,187 - INFO - Fetched: Seychelles (League ID: 211, First Player Entry: 4046810)
2025-01-09 16:36:57,187 - ERROR - Error fetching League ID 225: 429 Client Error: Unknown Error for url: https://fantasy.premierleague.com/api/leagues-classic/225/standings/
2025-01-09 16:36:57,191 - ERROR - Error fetching League ID 246: 429 Client Error: Unknown Error for url: https://fantasy.premierleague.com/api/leagues-classic/246/standings/
2025-01-09 16:36:57,191 - ERROR - Error fetching League ID 212: 429 Client Error: Unknown Error for url: https://fantasy.premierleague.com/api/leagues-classic/212/standings/
2025-01-09 16:36:57,193 - INFO - Fetched: Tajikistan (League ID: 230, First Player Entry: 3458015)
2025-01-09 16:36:57,195 - ERROR - Error fetching League ID 179: 429 Client Error: Unknown Error for url: https://fantasy.premierleague.com/api/leagues-classic/179/standings/
2025-01-09 16:36:57,200 - ERROR - Error fetching League ID 207: 429 Client Error: Unknown Error for url: https://fantasy.premierleague.com/api/leagues-classic/207/standings/
2025-01-09 16:36:57,204 - ERROR - Error fetching League ID 234: 429 Client Error: Unknown Error for url: https://fantasy.premierleague.com/api/leagues-classic/234/standings/
2025-01-09 16:36:57,212 - ERROR - Error fetching League ID 199: 429 Client Error: Unknown Error for url: https://fantasy.premierleague.com/api/leagues-classic/199/standings/
2025-01-09 16:36:57,214 - ERROR - Error fetching League ID 237: 429 Client Error: Unknown Error for url: https://fantasy.premierleague.com/api/leagues-classic/237/standings/
2025-01-09 16:36:57,218 - INFO - Fetched: San Marino (League ID: 206, First Player Entry: 1160785)
2025-01-09 16:36:57,220 - INFO - Fetched: Somalia (League ID: 217, First Player Entry: 5120926)
2025-01-09 16:36:57,222 - ERROR - Error fetching League ID 245: 429 Client Error: Unknown Error for url: https://fantasy.premierleague.com/api/leagues-classic/245/standings/
2025-01-09 16:36:57,231 - INFO - Fetched: Turks and Caicos Islands (League ID: 241, First Player Entry: 2492870)
2025-01-09 16:36:57,231 - INFO - Fetched: Kosovo (League ID: 275, First Player Entry: 374991)
2025-01-09 16:36:57,235 - INFO - Fetched: Panama (League ID: 186, First Player Entry: 37923)
2025-01-09 16:36:57,236 - ERROR - Error fetching League ID 216: 429 Client Error: Unknown Error for url: https://fantasy.premierleague.com/api/leagues-classic/216/standings/
2025-01-09 16:36:57,241 - ERROR - Error fetching League ID 233: 429 Client Error: Unknown Error for url: https://fantasy.premierleague.com/api/leagues-classic/233/standings/
2025-01-09 16:36:57,248 - ERROR - Error fetching League ID 227: 429 Client Error: Unknown Error for url: https://fantasy.premierleague.com/api/leagues-classic/227/standings/
2025-01-09 16:36:57,258 - ERROR - Error fetching League ID 254: 429 Client Error: Unknown Error for url: https://fantasy.premierleague.com/api/leagues-classic/254/standings/
2025-01-09 16:36:57,258 - ERROR - Error fetching League ID 226: 429 Client Error: Unknown Error for url: https://fantasy.premierleague.com/api/leagues-classic/226/standings/
2025-01-09 16:36:57,260 - INFO - Fetched: Slovakia (League ID: 214, First Player Entry: 3891112)
2025-01-09 16:36:57,261 - INFO - Fetched: Tuvalu (League ID: 242, First Player Entry: 941656)
2025-01-09 16:36:57,274 - ERROR - Error fetching League ID 259: 429 Client Error: Unknown Error for url: https://fantasy.premierleague.com/api/leagues-classic/259/standings/
2025-01-09 16:36:57,280 - ERROR - Error fetching League ID 243: 429 Client Error: Unknown Error for url: https://fantasy.premierleague.com/api/leagues-classic/243/standings/
2025-01-09 16:36:57,286 - ERROR - Error fetching League ID 244: 429 Client Error: Unknown Error for url: https://fantasy.premierleague.com/api/leagues-classic/244/standings/
2025-01-09 16:36:57,288 - ERROR - Error fetching League ID 260: 429 Client Error: Unknown Error for url: https://fantasy.premierleague.com/api/leagues-classic/260/standings/
2025-01-09 16:36:57,288 - WARNING - No standings data for League ID: 247
2025-01-09 16:36:57,288 - ERROR - Error fetching League ID 251: 429 Client Error: Unknown Error for url: https://fantasy.premierleague.com/api/leagues-classic/251/standings/
2025-01-09 16:36:57,291 - ERROR - Error fetching League ID 253: 429 Client Error: Unknown Error for url: https://fantasy.premierleague.com/api/leagues-classic/253/standings/
2025-01-09 16:36:57,293 - INFO - Fetched: Thailand (League ID: 232, First Player Entry: 2085641)
2025-01-09 16:36:57,293 - INFO - Fetched: St. Kitts and Nevis (League ID: 201, First Player Entry: 8585754)
2025-01-09 16:36:57,293 - ERROR - Error fetching League ID 231: 429 Client Error: Unknown Error for url: https://fantasy.premierleague.com/api/leagues-classic/231/standings/
2025-01-09 16:36:57,302 - ERROR - Error fetching League ID 239: 429 Client Error: Unknown Error for url: https://fantasy.premierleague.com/api/leagues-classic/239/standings/
2025-01-09 16:36:57,304 - INFO - Fetched: Tunisia (League ID: 238, First Player Entry: 7018774)
2025-01-09 16:36:57,304 - ERROR - Error fetching League ID 236: 429 Client Error: Unknown Error for url: https://fantasy.premierleague.com/api/leagues-classic/236/standings/
2025-01-09 16:36:57,304 - INFO - Fetched: Syria (League ID: 228, First Player Entry: 154182)
2025-01-09 16:36:57,313 - INFO - Fetched: Yemen (League ID: 257, First Player Entry: 1538079)
2025-01-09 16:36:57,313 - ERROR - Error fetching League ID 250: 429 Client Error: Unknown Error for url: https://fantasy.premierleague.com/api/leagues-classic/250/standings/
2025-01-09 16:36:57,321 - INFO - Fetched: Chinese Taipei (League ID: 229, First Player Entry: 1799633)
2025-01-09 16:36:57,324 - ERROR - Error fetching League ID 268: 429 Client Error: Unknown Error for url: https://fantasy.premierleague.com/api/leagues-classic/268/standings/
2025-01-09 16:36:57,326 - ERROR - Error fetching League ID 264: 429 Client Error: Unknown Error for url: https://fantasy.premierleague.com/api/leagues-classic/264/standings/
2025-01-09 16:36:57,329 - INFO - Fetched: Turkmenistan (League ID: 240, First Player Entry: 2755408)
2025-01-09 16:36:57,356 - INFO - Fetched: Saudi Arabia (League ID: 208, First Player Entry: 4684786)
2025-01-09 16:36:57,362 - ERROR - Error fetching League ID 235: 429 Client Error: Unknown Error for url: https://fantasy.premierleague.com/api/leagues-classic/235/standings/
2025-01-09 16:36:57,362 - INFO - Fetched: Bonaire, Saint Eustatius and Saba (League ID: 271, First Player Entry: 3146543)
2025-01-09 16:36:57,367 - ERROR - Error fetching League ID 248: 429 Client Error: Unknown Error for url: https://fantasy.premierleague.com/api/leagues-classic/248/standings/
2025-01-09 16:36:57,377 - INFO - Fetched: Curacao (League ID: 272, First Player Entry: 5122786)
2025-01-09 16:36:57,389 - INFO - Fetched: Vanuatu (League ID: 252, First Player Entry: 7151855)
2025-01-09 16:36:57,391 - INFO - Fetched: Aland Islands (League ID: 265, First Player Entry: 881223)
2025-01-09 16:36:57,393 - ERROR - Error fetching League ID 258: 429 Client Error: Unknown Error for url: https://fantasy.premierleague.com/api/leagues-classic/258/standings/
2025-01-09 16:36:57,395 - INFO - Fetched: USA (League ID: 249, First Player Entry: 2418427)
2025-01-09 16:36:57,397 - INFO - Fetched: Saint Martin (League ID: 270, First Player Entry: 727456)
2025-01-09 16:36:57,397 - INFO - Fetched: Scotland (League ID: 263, First Player Entry: 5121)
2025-01-09 16:36:57,404 - INFO - Fetched: Guernsey (League ID: 267, First Player Entry: 679684)
2025-01-09 16:36:57,411 - INFO - Fetched: Jersey (League ID: 269, First Player Entry: 7687)
2025-01-09 16:36:57,415 - ERROR - Error fetching League ID 274: 429 Client Error: Unknown Error for url: https://fantasy.premierleague.com/api/leagues-classic/274/standings/
2025-01-09 16:36:57,426 - ERROR - Error fetching League ID 256: 429 Client Error: Unknown Error for url: https://fantasy.premierleague.com/api/leagues-classic/256/standings/
2025-01-09 16:36:57,444 - ERROR - Error fetching League ID 261: 429 Client Error: Unknown Error for url: https://fantasy.premierleague.com/api/leagues-classic/261/standings/
2025-01-09 16:36:57,448 - ERROR - Error fetching League ID 266: 429 Client Error: Unknown Error for url: https://fantasy.premierleague.com/api/leagues-classic/266/standings/
2025-01-09 16:36:57,485 - INFO - Fetched: Northern Ireland (League ID: 262, First Player Entry: 5620569)
2025-01-09 16:36:57,497 - INFO - Fetched: Sint Maarten (League ID: 273, First Player Entry: 4033709)
2025-01-09 16:36:57,626 - INFO - Data saved to fpl_country_data.csv
2025-01-09 16:49:22,943 - INFO - Fetched: Angola (League ID: 26, First Player Entry: 5031020)
2025-01-09 16:49:22,958 - INFO - Fetched: Aruba (League ID: 32, First Player Entry: 1161973)
2025-01-09 16:49:22,961 - INFO - Fetched: Bahrain (League ID: 37, First Player Entry: 1762170)
2025-01-09 16:49:22,965 - INFO - Fetched: Belize (League ID: 42, First Player Entry: 6223195)
2025-01-09 16:49:22,967 - INFO - Fetched: Azerbaijan (League ID: 35, First Player Entry: 2241580)
2025-01-09 16:49:22,978 - INFO - Fetched: Argentina (League ID: 30, First Player Entry: 171921)
2025-01-09 16:49:22,978 - INFO - Fetched: Antigua and Barbuda (League ID: 29, First Player Entry: 7306251)
2025-01-09 16:49:22,978 - INFO - Fetched: Albania (League ID: 22, First Player Entry: 7908977)
2025-01-09 16:49:22,983 - INFO - Fetched: Bahamas (League ID: 36, First Player Entry: 6815734)
2025-01-09 16:49:22,987 - INFO - Fetched: Bolivia (League ID: 46, First Player Entry: 1159638)
2025-01-09 16:49:22,989 - INFO - Fetched: American Samoa (League ID: 24, First Player Entry: 1311397)
2025-01-09 16:49:22,991 - INFO - Fetched: Australia (League ID: 33, First Player Entry: 2228715)
2025-01-09 16:49:22,992 - INFO - Fetched: Antarctica (League ID: 28, First Player Entry: 623080)
2025-01-09 16:49:22,996 - WARNING - No standings data for League ID: 40
2025-01-09 16:49:22,998 - INFO - Fetched: Austria (League ID: 34, First Player Entry: 3743611)
2025-01-09 16:49:22,999 - INFO - Fetched: Afghanistan (League ID: 21, First Player Entry: 951945)
2025-01-09 16:49:22,999 - INFO - Fetched: Bosnia-Herzegovina (League ID: 47, First Player Entry: 121426)
2025-01-09 16:49:22,999 - INFO - Fetched: Barbados (League ID: 39, First Player Entry: 6005818)
2025-01-09 16:49:23,004 - INFO - Fetched: Bouvet Island (League ID: 49, First Player Entry: 77337)
2025-01-09 16:49:23,008 - INFO - Fetched: Anguilla (League ID: 27, First Player Entry: 1908418)
2025-01-09 16:49:23,013 - INFO - Fetched: Algeria (League ID: 23, First Player Entry: 120240)
2025-01-09 16:49:23,023 - INFO - Fetched: Bermuda (League ID: 44, First Player Entry: 259517)
2025-01-09 16:49:23,025 - INFO - Fetched: Burkina Faso (League ID: 55, First Player Entry: 3592392)
2025-01-09 16:49:23,029 - INFO - Fetched: Brunei Darussalam (League ID: 53, First Player Entry: 2223099)
2025-01-09 16:49:23,033 - INFO - Fetched: Armenia (League ID: 31, First Player Entry: 8041652)
2025-01-09 16:49:23,034 - INFO - Fetched: Brazil (League ID: 50, First Player Entry: 5686015)
2025-01-09 16:49:23,036 - INFO - Fetched: Bangladesh (League ID: 38, First Player Entry: 4376057)
2025-01-09 16:49:23,045 - INFO - Fetched: Cayman Islands (League ID: 61, First Player Entry: 8303580)
2025-01-09 16:49:23,048 - INFO - Fetched: Bhutan (League ID: 45, First Player Entry: 2612863)
2025-01-09 16:49:23,050 - INFO - Fetched: Comoros (League ID: 69, First Player Entry: 4181902)
2025-01-09 16:49:23,050 - INFO - Fetched: Central African Republic (League ID: 62, First Player Entry: 2332424)
2025-01-09 16:49:23,054 - INFO - Fetched: Christmas Island (League ID: 66, First Player Entry: 773487)
2025-01-09 16:49:23,057 - INFO - Fetched: Andorra (League ID: 25, First Player Entry: 1912083)
2025-01-09 16:49:23,060 - INFO - Fetched: British Indian Ocean Territory (League ID: 51, First Player Entry: 44743)
2025-01-09 16:49:23,060 - INFO - Fetched: Canada (League ID: 59, First Player Entry: 4101974)
2025-01-09 16:49:23,066 - INFO - Fetched: Chile (League ID: 64, First Player Entry: 1370274)
2025-01-09 16:49:23,070 - INFO - Fetched: Benin (League ID: 43, First Player Entry: 3643956)
2025-01-09 16:49:23,074 - INFO - Fetched: British Virgin Islands (League ID: 52, First Player Entry: 7608317)
2025-01-09 16:49:23,074 - INFO - Fetched: Congo (League ID: 71, First Player Entry: 2646047)
2025-01-09 16:49:23,074 - INFO - Fetched: Botswana (League ID: 48, First Player Entry: 859293)
2025-01-09 16:49:23,084 - INFO - Fetched: Cameroon (League ID: 58, First Player Entry: 955107)
2025-01-09 16:49:23,086 - INFO - Fetched: Congo, Democratic Republic of (League ID: 70, First Player Entry: 672476)
2025-01-09 16:49:23,087 - INFO - Fetched: Czech Republic (League ID: 77, First Player Entry: 7447838)
2025-01-09 16:49:23,087 - INFO - Fetched: Cocos Islands (League ID: 67, First Player Entry: 408419)
2025-01-09 16:49:23,087 - INFO - Fetched: Ivory Coast (League ID: 74, First Player Entry: 7763180)
2025-01-09 16:49:23,094 - INFO - Fetched: China (League ID: 65, First Player Entry: 7491078)
2025-01-09 16:49:23,094 - INFO - Fetched: Cook Islands (League ID: 72, First Player Entry: 4929533)
2025-01-09 16:49:23,101 - INFO - Fetched: Egypt (League ID: 83, First Player Entry: 1941895)
2025-01-09 16:49:23,105 - INFO - Fetched: Costa Rica (League ID: 73, First Player Entry: 2011995)
2025-01-09 16:49:23,106 - INFO - Fetched: Cape Verde (League ID: 60, First Player Entry: 4287849)
2025-01-09 16:49:23,106 - INFO - Fetched: Djibouti (League ID: 79, First Player Entry: 593532)
2025-01-09 16:49:23,111 - INFO - Fetched: Chad (League ID: 63, First Player Entry: 342916)
2025-01-09 16:49:23,111 - INFO - Fetched: Dominican Republic (League ID: 81, First Player Entry: 6821798)
2025-01-09 16:49:23,114 - INFO - Fetched: Eritrea (League ID: 86, First Player Entry: 8603568)
2025-01-09 16:49:23,114 - INFO - Fetched: Faeroe Islands (League ID: 89, First Player Entry: 4826607)
2025-01-09 16:49:23,115 - INFO - Fetched: Equatorial Guinea (League ID: 85, First Player Entry: 3024390)
2025-01-09 16:49:23,115 - INFO - Fetched: Estonia (League ID: 87, First Player Entry: 96793)
2025-01-09 16:49:23,119 - INFO - Fetched: Cambodia (League ID: 57, First Player Entry: 2835531)
2025-01-09 16:49:23,119 - INFO - Fetched: El Salvador (League ID: 84, First Player Entry: 5551100)
2025-01-09 16:49:23,120 - INFO - Fetched: Finland (League ID: 92, First Player Entry: 6789994)
2025-01-09 16:49:23,124 - INFO - Fetched: Cyprus (League ID: 76, First Player Entry: 7782978)
2025-01-09 16:49:23,127 - INFO - Fetched: French Polynesia (League ID: 95, First Player Entry: 267661)
2025-01-09 16:49:23,132 - INFO - Fetched: Ecuador (League ID: 82, First Player Entry: 2600760)
2025-01-09 16:49:23,135 - INFO - Fetched: Falkland Islands (League ID: 90, First Player Entry: 3374885)
2025-01-09 16:49:23,154 - INFO - Fetched: Gabon (League ID: 97, First Player Entry: 4526173)
2025-01-09 16:49:23,157 - INFO - Fetched: Iceland (League ID: 119, First Player Entry: 3555709)
2025-01-09 16:49:23,159 - INFO - Fetched: Guadaloupe (League ID: 106, First Player Entry: 1705712)
2025-01-09 16:49:23,164 - INFO - Fetched: Gambia (League ID: 98, First Player Entry: 499037)
2025-01-09 16:49:23,180 - INFO - Fetched: Hong Kong (League ID: 116, First Player Entry: 2976806)
2025-01-09 16:49:23,188 - INFO - Fetched: Haiti (League ID: 112, First Player Entry: 1230373)
2025-01-09 16:49:23,190 - INFO - Fetched: Grenada (League ID: 105, First Player Entry: 1907721)
2025-01-09 16:49:23,193 - INFO - Fetched: Greece (League ID: 103, First Player Entry: 6092839)
2025-01-09 16:49:23,197 - INFO - Fetched: Germany (League ID: 100, First Player Entry: 7936477)
2025-01-09 16:49:23,199 - INFO - Fetched: Guinea-Bissau (League ID: 110, First Player Entry: 301702)
2025-01-09 16:49:23,212 - INFO - Fetched: Belgium (League ID: 41, First Player Entry: 4278850)
2025-01-09 16:49:23,215 - INFO - Fetched: Bulgaria (League ID: 54, First Player Entry: 175301)
2025-01-09 16:49:23,219 - INFO - Fetched: Lithuania (League ID: 144, First Player Entry: 3049052)
2025-01-09 16:49:23,220 - INFO - Fetched: Kiribati (League ID: 132, First Player Entry: 2035694)
2025-01-09 16:49:23,224 - INFO - Fetched: Ghana (League ID: 101, First Player Entry: 2731140)
2025-01-09 16:49:23,226 - INFO - Fetched: Honduras (League ID: 115, First Player Entry: 2077973)
2025-01-09 16:49:23,228 - INFO - Fetched: Kyrgyzstan (League ID: 136, First Player Entry: 2815701)
2025-01-09 16:49:23,229 - INFO - Fetched: Ireland (League ID: 124, First Player Entry: 580349)
2025-01-09 16:49:23,229 - INFO - Fetched: Guinea (League ID: 109, First Player Entry: 60934)
2025-01-09 16:49:23,229 - INFO - Fetched: North Korea (League ID: 133, First Player Entry: 1580702)
2025-01-09 16:49:23,229 - INFO - Fetched: Gibraltar (League ID: 102, First Player Entry: 6388994)
2025-01-09 16:49:23,237 - INFO - Fetched: Iran (League ID: 122, First Player Entry: 4685025)
2025-01-09 16:49:23,247 - INFO - Fetched: Guam (League ID: 107, First Player Entry: 8143265)
2025-01-09 16:49:23,252 - INFO - Fetched: Hungary (League ID: 118, First Player Entry: 452219)
2025-01-09 16:49:23,254 - INFO - Fetched: Libya (League ID: 142, First Player Entry: 4173381)
2025-01-09 16:49:23,258 - INFO - Fetched: Burundi (League ID: 56, First Player Entry: 492258)
2025-01-09 16:49:23,258 - INFO - Fetched: Dominica (League ID: 80, First Player Entry: 5936059)
2025-01-09 16:49:23,258 - INFO - Fetched: Kenya (League ID: 131, First Player Entry: 214203)
2025-01-09 16:49:23,265 - INFO - Fetched: Lesotho (League ID: 140, First Player Entry: 1664813)
2025-01-09 16:49:23,267 - INFO - Fetched: Denmark (League ID: 78, First Player Entry: 1627092)
2025-01-09 16:49:23,267 - ERROR - Error fetching League ID 88: 429 Client Error: Unknown Error for url: https://fantasy.premierleague.com/api/leagues-classic/88/standings/
2025-01-09 16:49:23,270 - INFO - Fetched: Malawi (League ID: 149, First Player Entry: 8411552)
2025-01-09 16:49:23,273 - INFO - Fetched: Colombia (League ID: 68, First Player Entry: 1530741)
2025-01-09 16:49:23,278 - INFO - Fetched: Moldova (League ID: 161, First Player Entry: 5063898)
2025-01-09 16:49:23,286 - INFO - Fetched: Luxembourg (League ID: 145, First Player Entry: 1967302)
2025-01-09 16:49:23,292 - INFO - Fetched: Malaysia (League ID: 150, First Player Entry: 2981260)
2025-01-09 16:49:23,294 - INFO - Fetched: Micronesia (League ID: 160, First Player Entry: 20369)
2025-01-09 16:49:23,297 - INFO - Fetched: Morocco (League ID: 165, First Player Entry: 8575510)
2025-01-09 16:49:23,301 - INFO - Fetched: Mali (League ID: 152, First Player Entry: 7072235)
2025-01-09 16:49:23,302 - INFO - Fetched: Cuba (League ID: 75, First Player Entry: 3076532)
2025-01-09 16:49:23,307 - INFO - Fetched: Mauritius (League ID: 157, First Player Entry: 4239351)
2025-01-09 16:49:23,310 - INFO - Fetched: Fiji (League ID: 91, First Player Entry: 4186838)
2025-01-09 16:49:23,321 - INFO - Fetched: Mozambique (League ID: 166, First Player Entry: 6041578)
2025-01-09 16:49:23,323 - INFO - Fetched: France (League ID: 93, First Player Entry: 5141128)
2025-01-09 16:49:23,327 - INFO - Fetched: Nauru (League ID: 169, First Player Entry: 8129188)
2025-01-09 16:49:23,330 - WARNING - No standings data for League ID: 171
2025-01-09 16:49:23,337 - INFO - Fetched: New Zealand (League ID: 174, First Player Entry: 1164592)
2025-01-09 16:49:23,337 - INFO - Fetched: French Southern Territories (League ID: 96, First Player Entry: 1368870)
2025-01-09 16:49:23,356 - INFO - Fetched: Niger (League ID: 176, First Player Entry: 241764)
2025-01-09 16:49:23,357 - INFO - Fetched: Nigeria (League ID: 177, First Player Entry: 322707)
2025-01-09 16:49:23,359 - INFO - Fetched: French Guiana (League ID: 94, First Player Entry: 6987969)
2025-01-09 16:49:23,364 - INFO - Fetched: Niue (League ID: 178, First Player Entry: 1393799)
2025-01-09 16:49:23,365 - INFO - Fetched: Nicaragua (League ID: 175, First Player Entry: 5683492)
2025-01-09 16:49:23,365 - INFO - Fetched: Guatemala (League ID: 108, First Player Entry: 25534)
2025-01-09 16:49:23,372 - INFO - Fetched: Paraguay (League ID: 188, First Player Entry: 408523)
2025-01-09 16:49:23,374 - ERROR - Error fetching League ID 128: 429 Client Error: Unknown Error for url: https://fantasy.premierleague.com/api/leagues-classic/128/standings/
2025-01-09 16:49:23,377 - INFO - Fetched: Iraq (League ID: 123, First Player Entry: 1194981)
2025-01-09 16:49:23,381 - INFO - Fetched: Heard and McDonald Islands (League ID: 113, First Player Entry: 2486817)
2025-01-09 16:49:23,381 - INFO - Fetched: Guyana (League ID: 111, First Player Entry: 8509)
2025-01-09 16:49:23,392 - INFO - Fetched: Peru (League ID: 189, First Player Entry: 8415629)
2025-01-09 16:49:23,392 - ERROR - Error fetching League ID 121: 429 Client Error: Unknown Error for url: https://fantasy.premierleague.com/api/leagues-classic/121/standings/
2025-01-09 16:49:23,398 - INFO - Fetched: Papua New Guinea (League ID: 187, First Player Entry: 823776)
2025-01-09 16:49:23,398 - INFO - Fetched: Nepal (League ID: 170, First Player Entry: 3541677)
2025-01-09 16:49:23,401 - INFO - Fetched: Pitcairn Island (League ID: 191, First Player Entry: 670985)
2025-01-09 16:49:23,404 - INFO - Fetched: Israel (League ID: 125, First Player Entry: 195608)
2025-01-09 16:49:23,407 - INFO - Fetched: Georgia (League ID: 99, First Player Entry: 823969)
2025-01-09 16:49:23,410 - INFO - Fetched: Jordan (League ID: 129, First Player Entry: 775814)
2025-01-09 16:49:23,411 - ERROR - Error fetching League ID 147: 429 Client Error: Unknown Error for url: https://fantasy.premierleague.com/api/leagues-classic/147/standings/
2025-01-09 16:49:23,416 - INFO - Fetched: Qatar (League ID: 195, First Player Entry: 8432106)
2025-01-09 16:49:23,421 - INFO - Fetched: Lebanon (League ID: 139, First Player Entry: 341031)
2025-01-09 16:49:23,424 - ERROR - Error fetching League ID 155: 429 Client Error: Unknown Error for url: https://fantasy.premierleague.com/api/leagues-classic/155/standings/
2025-01-09 16:49:23,427 - INFO - Fetched: St. Lucia (League ID: 202, First Player Entry: 5064538)
2025-01-09 16:49:23,431 - ERROR - Error fetching League ID 154: 429 Client Error: Unknown Error for url: https://fantasy.premierleague.com/api/leagues-classic/154/standings/
2025-01-09 16:49:23,434 - ERROR - Error fetching League ID 117: 429 Client Error: Unknown Error for url: https://fantasy.premierleague.com/api/leagues-classic/117/standings/
2025-01-09 16:49:23,438 - ERROR - Error fetching League ID 146: 429 Client Error: Unknown Error for url: https://fantasy.premierleague.com/api/leagues-classic/146/standings/
2025-01-09 16:49:23,440 - ERROR - Error fetching League ID 138: 429 Client Error: Unknown Error for url: https://fantasy.premierleague.com/api/leagues-classic/138/standings/
2025-01-09 16:49:23,445 - INFO - Fetched: Kuwait (League ID: 135, First Player Entry: 6289403)
2025-01-09 16:49:23,449 - ERROR - Error fetching League ID 130: 429 Client Error: Unknown Error for url: https://fantasy.premierleague.com/api/leagues-classic/130/standings/
2025-01-09 16:49:23,451 - ERROR - Error fetching League ID 153: 429 Client Error: Unknown Error for url: https://fantasy.premierleague.com/api/leagues-classic/153/standings/
2025-01-09 16:49:23,454 - INFO - Fetched: Poland (League ID: 192, First Player Entry: 122498)
2025-01-09 16:49:23,457 - INFO - Fetched: Panama (League ID: 186, First Player Entry: 37923)
2025-01-09 16:49:23,457 - ERROR - Error fetching League ID 134: 429 Client Error: Unknown Error for url: https://fantasy.premierleague.com/api/leagues-classic/134/standings/
2025-01-09 16:49:23,459 - INFO - Fetched: Samoa (League ID: 205, First Player Entry: 7560769)
2025-01-09 16:49:23,461 - INFO - Fetched: India (League ID: 120, First Player Entry: 5407172)
2025-01-09 16:49:23,465 - INFO - Fetched: Pakistan (League ID: 183, First Player Entry: 120600)
2025-01-09 16:49:23,467 - INFO - Fetched: Philippines (League ID: 190, First Player Entry: 1228675)
2025-01-09 16:49:23,467 - INFO - Fetched: Saudi Arabia (League ID: 208, First Player Entry: 4684786)
2025-01-09 16:49:23,470 - INFO - Fetched: Liberia (League ID: 141, First Player Entry: 3847514)
2025-01-09 16:49:23,473 - INFO - Fetched: Italy (League ID: 126, First Player Entry: 3196555)
2025-01-09 16:49:23,476 - ERROR - Error fetching League ID 151: 429 Client Error: Unknown Error for url: https://fantasy.premierleague.com/api/leagues-classic/151/standings/
2025-01-09 16:49:23,476 - INFO - Fetched: St. Vincent and the Grenadines (League ID: 204, First Player Entry: 2301033)
2025-01-09 16:49:23,476 - INFO - Fetched: San Marino (League ID: 206, First Player Entry: 1160785)
2025-01-09 16:49:23,476 - INFO - Fetched: St. Pierre and Miquelon (League ID: 203, First Player Entry: 7668819)
2025-01-09 16:49:23,483 - INFO - Fetched: St. Kitts and Nevis (League ID: 201, First Player Entry: 8585754)
2025-01-09 16:49:23,485 - ERROR - Error fetching League ID 156: 429 Client Error: Unknown Error for url: https://fantasy.premierleague.com/api/leagues-classic/156/standings/
2025-01-09 16:49:23,487 - INFO - Fetched: Reunion (League ID: 196, First Player Entry: 8014888)
2025-01-09 16:49:23,488 - INFO - Fetched: Liechtenstein (League ID: 143, First Player Entry: 234304)
2025-01-09 16:49:23,489 - INFO - Fetched: Mayotte (League ID: 158, First Player Entry: 63305)
2025-01-09 16:49:23,489 - INFO - Fetched: Laos (League ID: 137, First Player Entry: 1227055)
2025-01-09 16:49:23,497 - ERROR - Error fetching League ID 185: 429 Client Error: Unknown Error for url: https://fantasy.premierleague.com/api/leagues-classic/185/standings/
2025-01-09 16:49:23,497 - ERROR - Error fetching League ID 168: 429 Client Error: Unknown Error for url: https://fantasy.premierleague.com/api/leagues-classic/168/standings/
2025-01-09 16:49:23,499 - ERROR - Error fetching League ID 167: 429 Client Error: Unknown Error for url: https://fantasy.premierleague.com/api/leagues-classic/167/standings/
2025-01-09 16:49:23,501 - INFO - Fetched: Jamaica (League ID: 127, First Player Entry: 1790319)
2025-01-09 16:49:23,504 - INFO - Fetched: Holy See (League ID: 114, First Player Entry: 4118611)
2025-01-09 16:49:23,505 - INFO - Fetched: Greenland (League ID: 104, First Player Entry: 210769)
2025-01-09 16:49:23,506 - INFO - Fetched: Madagascar (League ID: 148, First Player Entry: 4114795)
2025-01-09 16:49:23,506 - ERROR - Error fetching League ID 172: 429 Client Error: Unknown Error for url: https://fantasy.premierleague.com/api/leagues-classic/172/standings/
2025-01-09 16:49:23,509 - INFO - Fetched: Mexico (League ID: 159, First Player Entry: 375580)
2025-01-09 16:49:23,509 - ERROR - Error fetching League ID 182: 429 Client Error: Unknown Error for url: https://fantasy.premierleague.com/api/leagues-classic/182/standings/
2025-01-09 16:49:23,510 - INFO - Fetched: Suriname (League ID: 223, First Player Entry: 7732)
2025-01-09 16:49:23,510 - INFO - Fetched: Mongolia (League ID: 163, First Player Entry: 7797048)
2025-01-09 16:49:23,514 - INFO - Fetched: Monaco (League ID: 162, First Player Entry: 12243)
2025-01-09 16:49:23,514 - INFO - Fetched: Seychelles (League ID: 211, First Player Entry: 4046810)
2025-01-09 16:49:23,546 - ERROR - Error fetching League ID 164: 429 Client Error: Unknown Error for url: https://fantasy.premierleague.com/api/leagues-classic/164/standings/
2025-01-09 16:49:23,550 - INFO - Fetched: Singapore (League ID: 213, First Player Entry: 7438)
2025-01-09 16:49:23,555 - INFO - Fetched: Somalia (League ID: 217, First Player Entry: 5120926)
2025-01-09 16:49:23,556 - ERROR - Error fetching League ID 179: 429 Client Error: Unknown Error for url: https://fantasy.premierleague.com/api/leagues-classic/179/standings/
2025-01-09 16:49:23,556 - ERROR - Error fetching League ID 181: 429 Client Error: Unknown Error for url: https://fantasy.premierleague.com/api/leagues-classic/181/standings/
2025-01-09 16:49:23,560 - INFO - Fetched: Syria (League ID: 228, First Player Entry: 154182)
2025-01-09 16:49:23,568 - INFO - Fetched: Palau (League ID: 184, First Player Entry: 5487474)
2025-01-09 16:49:23,568 - INFO - Fetched: Slovakia (League ID: 214, First Player Entry: 3891112)
2025-01-09 16:49:23,571 - INFO - Fetched: Puerto Rico (League ID: 194, First Player Entry: 8018143)
2025-01-09 16:49:23,577 - ERROR - Error fetching League ID 193: 429 Client Error: Unknown Error for url: https://fantasy.premierleague.com/api/leagues-classic/193/standings/
2025-01-09 16:49:23,577 - ERROR - Error fetching League ID 199: 429 Client Error: Unknown Error for url: https://fantasy.premierleague.com/api/leagues-classic/199/standings/
2025-01-09 16:49:23,584 - INFO - Fetched: Chinese Taipei (League ID: 229, First Player Entry: 1799633)
2025-01-09 16:49:23,592 - INFO - Fetched: Northern Mariana Islands (League ID: 180, First Player Entry: 5412387)
2025-01-09 16:49:23,600 - INFO - Fetched: New Caledonia (League ID: 173, First Player Entry: 2369578)
2025-01-09 16:49:23,604 - ERROR - Error fetching League ID 198: 429 Client Error: Unknown Error for url: https://fantasy.premierleague.com/api/leagues-classic/198/standings/
2025-01-09 16:49:23,605 - ERROR - Error fetching League ID 197: 429 Client Error: Unknown Error for url: https://fantasy.premierleague.com/api/leagues-classic/197/standings/
2025-01-09 16:49:23,625 - ERROR - Error fetching League ID 200: 429 Client Error: Unknown Error for url: https://fantasy.premierleague.com/api/leagues-classic/200/standings/
2025-01-09 16:49:23,628 - ERROR - Error fetching League ID 207: 429 Client Error: Unknown Error for url: https://fantasy.premierleague.com/api/leagues-classic/207/standings/
2025-01-09 16:49:23,630 - ERROR - Error fetching League ID 216: 429 Client Error: Unknown Error for url: https://fantasy.premierleague.com/api/leagues-classic/216/standings/
2025-01-09 16:49:23,635 - ERROR - Error fetching League ID 218: 429 Client Error: Unknown Error for url: https://fantasy.premierleague.com/api/leagues-classic/218/standings/
2025-01-09 16:49:23,650 - INFO - Fetched: Senegal (League ID: 209, First Player Entry: 6595857)
2025-01-09 16:49:23,651 - ERROR - Error fetching League ID 220: 429 Client Error: Unknown Error for url: https://fantasy.premierleague.com/api/leagues-classic/220/standings/
2025-01-09 16:49:23,657 - INFO - Fetched: Sierra Leone (League ID: 212, First Player Entry: 591388)
2025-01-09 16:49:23,663 - ERROR - Error fetching League ID 221: 429 Client Error: Unknown Error for url: https://fantasy.premierleague.com/api/leagues-classic/221/standings/
2025-01-09 16:49:23,663 - INFO - Fetched: Serbia (League ID: 210, First Player Entry: 7993529)
2025-01-09 16:49:23,691 - INFO - Fetched: Sweden (League ID: 226, First Player Entry: 7973311)
2025-01-09 16:49:23,695 - INFO - Fetched: Svalbard & Jan Mayen Islands (League ID: 224, First Player Entry: 254011)
2025-01-09 16:49:23,695 - INFO - Fetched: Thailand (League ID: 232, First Player Entry: 2085641)
2025-01-09 16:49:23,700 - INFO - Fetched: Switzerland (League ID: 227, First Player Entry: 7678761)
2025-01-09 16:49:23,711 - INFO - Fetched: Slovenia (League ID: 215, First Player Entry: 5400676)
2025-01-09 16:49:23,715 - ERROR - Error fetching League ID 225: 429 Client Error: Unknown Error for url: https://fantasy.premierleague.com/api/leagues-classic/225/standings/
2025-01-09 16:49:23,728 - ERROR - Error fetching League ID 219: 429 Client Error: Unknown Error for url: https://fantasy.premierleague.com/api/leagues-classic/219/standings/
2025-01-09 16:49:23,731 - INFO - Fetched: Tunisia (League ID: 238, First Player Entry: 7018774)
2025-01-09 16:49:23,735 - INFO - Fetched: Turkmenistan (League ID: 240, First Player Entry: 2755408)
2025-01-09 16:49:23,737 - ERROR - Error fetching League ID 230: 429 Client Error: Unknown Error for url: https://fantasy.premierleague.com/api/leagues-classic/230/standings/
2025-01-09 16:49:23,745 - INFO - Fetched: Sudan (League ID: 222, First Player Entry: 904753)
2025-01-09 16:49:23,792 - INFO - Fetched: Tanzania (League ID: 231, First Player Entry: 2435681)
2025-01-09 16:49:23,812 - INFO - Fetched: Turks and Caicos Islands (League ID: 241, First Player Entry: 2492870)
2025-01-09 16:49:23,818 - INFO - Fetched: Tuvalu (League ID: 242, First Player Entry: 941656)
2025-01-09 16:49:23,862 - ERROR - Error fetching League ID 234: 429 Client Error: Unknown Error for url: https://fantasy.premierleague.com/api/leagues-classic/234/standings/
2025-01-09 16:49:23,880 - INFO - Fetched: Vanuatu (League ID: 252, First Player Entry: 7151855)
2025-01-09 16:49:23,890 - INFO - Fetched: Timor-Leste (League ID: 233, First Player Entry: 302919)
2025-01-09 16:49:23,891 - INFO - Fetched: Tonga (League ID: 236, First Player Entry: 1104153)
2025-01-09 16:49:23,922 - INFO - Fetched: Trinidad and Tobago (League ID: 237, First Player Entry: 7069604)
2025-01-09 16:49:23,926 - INFO - Fetched: Tokelau (League ID: 235, First Player Entry: 6801639)
2025-01-09 16:49:23,931 - INFO - Fetched: Turkey (League ID: 239, First Player Entry: 481310)
2025-01-09 16:49:23,998 - INFO - Fetched: Yemen (League ID: 257, First Player Entry: 1538079)
2025-01-09 16:49:24,015 - ERROR - Error fetching League ID 246: 429 Client Error: Unknown Error for url: https://fantasy.premierleague.com/api/leagues-classic/246/standings/
2025-01-09 16:49:24,022 - INFO - Fetched: Uganda (League ID: 244, First Player Entry: 2370962)
2025-01-09 16:49:24,049 - WARNING - No standings data for League ID: 247
2025-01-09 16:49:24,049 - INFO - Fetched: Ukraine (League ID: 245, First Player Entry: 7293950)
2025-01-09 16:49:24,056 - INFO - Fetched: United States Minor Outlying Islands (League ID: 248, First Player Entry: 237680)
2025-01-09 16:49:24,059 - INFO - Fetched: US Virgin Islands (League ID: 243, First Player Entry: 2005261)
2025-01-09 16:49:24,070 - INFO - Fetched: Wallis and Futuna Islands (League ID: 255, First Player Entry: 7304425)
2025-01-09 16:49:24,075 - INFO - Fetched: Aland Islands (League ID: 265, First Player Entry: 881223)
2025-01-09 16:49:24,076 - INFO - Fetched: Northern Ireland (League ID: 262, First Player Entry: 5620569)
2025-01-09 16:49:24,080 - INFO - Fetched: Scotland (League ID: 263, First Player Entry: 5121)
2025-01-09 16:49:24,083 - INFO - Fetched: England (League ID: 261, First Player Entry: 18949)
2025-01-09 16:49:24,087 - INFO - Fetched: USA (League ID: 249, First Player Entry: 2418427)
2025-01-09 16:49:24,087 - INFO - Fetched: Jersey (League ID: 269, First Player Entry: 7687)
2025-01-09 16:49:24,093 - INFO - Fetched: Guernsey (League ID: 267, First Player Entry: 679684)
2025-01-09 16:49:24,101 - INFO - Fetched: Saint Martin (League ID: 270, First Player Entry: 727456)
2025-01-09 16:49:24,113 - INFO - Fetched: Bonaire, Saint Eustatius and Saba (League ID: 271, First Player Entry: 3146543)
2025-01-09 16:49:24,114 - INFO - Fetched: Sint Maarten (League ID: 273, First Player Entry: 4033709)
2025-01-09 16:49:24,124 - INFO - Fetched: Kosovo (League ID: 275, First Player Entry: 374991)
2025-01-09 16:49:24,127 - INFO - Fetched: Venezuela (League ID: 253, First Player Entry: 5074637)
2025-01-09 16:49:24,137 - INFO - Fetched: Uzbekistan (League ID: 251, First Player Entry: 2442376)
2025-01-09 16:49:24,144 - INFO - Fetched: Western Sahara (League ID: 256, First Player Entry: 1404575)
2025-01-09 16:49:24,150 - INFO - Fetched: Vietnam (League ID: 254, First Player Entry: 7371969)
2025-01-09 16:49:24,187 - INFO - Fetched: Zambia (League ID: 258, First Player Entry: 4528759)
2025-01-09 16:49:24,245 - ERROR - Error fetching League ID 268: 429 Client Error: Unknown Error for url: https://fantasy.premierleague.com/api/leagues-classic/268/standings/
2025-01-09 16:49:24,254 - INFO - Fetched: Zimbabwe (League ID: 259, First Player Entry: 2784245)
2025-01-09 16:49:24,256 - INFO - Fetched: Montenegro (League ID: 260, First Player Entry: 5832229)
2025-01-09 16:49:24,256 - INFO - Fetched: Wales (League ID: 264, First Player Entry: 6601900)
2025-01-09 16:49:24,265 - INFO - Fetched: Saint Barthelemy (League ID: 266, First Player Entry: 3477779)
2025-01-09 16:49:24,298 - INFO - Fetched: South Sudan (League ID: 274, First Player Entry: 3551260)
2025-01-09 16:49:24,313 - INFO - Fetched: Curacao (League ID: 272, First Player Entry: 5122786)
2025-01-09 16:49:24,362 - INFO - Fetched: Uruguay (League ID: 250, First Player Entry: 1174533)
2025-01-09 16:49:24,370 - INFO - Data saved to fpl_country_data.csv
